# JRE version: Java(TM) SE Runtime Environment (13.0.1+9) (build 13.0.1+9)
# Java VM: Java HotSpot(TM) 64-Bit Server VM (13.0.1+9, mixed mode, sharing, tiered, compressed oops, g1 gc, windows-amd64)
Heap:
 garbage-first heap   total 377856K, used 222976K [0x00000000e0000000, 0x0000000100000000)
  region size 1024K, 48 young (49152K), 6 survivors (6144K)
 Metaspace       used 96235K, capacity 98976K, committed 99440K, reserved 342016K
  class space    used 11930K, capacity 12900K, committed 13112K, reserved 253952K
GC Heap History (20 events):
Event: 66.138 GC heap before
{Heap before GC invocations=23 (full 0):
 garbage-first heap   total 262144K, used 204158K [0x00000000e0000000, 0x0000000100000000)
  region size 1024K, 92 young (94208K), 12 survivors (12288K)
 Metaspace       used 83529K, capacity 85986K, committed 86256K, reserved 329728K
  class space    used 10558K, capacity 11419K, committed 11448K, reserved 253952K
}
Event: 66.155 GC heap after
{Heap after GC invocations=24 (full 0):
 garbage-first heap   total 262144K, used 114821K [0x00000000e0000000, 0x0000000100000000)
  region size 1024K, 5 young (5120K), 5 survivors (5120K)
 Metaspace       used 83529K, capacity 85986K, committed 86256K, reserved 329728K
  class space    used 10558K, capacity 11419K, committed 11448K, reserved 253952K
}
Event: 67.457 GC heap before
{Heap before GC invocations=24 (full 0):
 garbage-first heap   total 262144K, used 201861K [0x00000000e0000000, 0x0000000100000000)
  region size 1024K, 92 young (94208K), 5 survivors (5120K)
 Metaspace       used 84223K, capacity 86662K, committed 86896K, reserved 329728K
  class space    used 10621K, capacity 11473K, committed 11576K, reserved 253952K
}
Event: 67.467 GC heap after
{Heap after GC invocations=25 (full 0):
 garbage-first heap   total 262144K, used 111697K [0x00000000e0000000, 0x0000000100000000)
  region size 1024K, 4 young (4096K), 4 survivors (4096K)
 Metaspace       used 84223K, capacity 86662K, committed 86896K, reserved 329728K
  class space    used 10621K, capacity 11473K, committed 11576K, reserved 253952K
}
Event: 70.750 GC heap before
{Heap before GC invocations=25 (full 0):
 garbage-first heap   total 262144K, used 205905K [0x00000000e0000000, 0x0000000100000000)
  region size 1024K, 95 young (97280K), 4 survivors (4096K)
 Metaspace       used 92441K, capacity 95269K, committed 95472K, reserved 337920K
  class space    used 11726K, capacity 12703K, committed 12728K, reserved 253952K
}
Event: 70.776 GC heap after
{Heap after GC invocations=26 (full 0):
 garbage-first heap   total 262144K, used 121581K [0x00000000e0000000, 0x0000000100000000)
  region size 1024K, 12 young (12288K), 12 survivors (12288K)
 Metaspace       used 92441K, capacity 95269K, committed 95472K, reserved 337920K
  class space    used 11726K, capacity 12703K, committed 12728K, reserved 253952K
}
Event: 72.916 GC heap before
{Heap before GC invocations=26 (full 0):
 garbage-first heap   total 262144K, used 206573K [0x00000000e0000000, 0x0000000100000000)
  region size 1024K, 96 young (98304K), 12 survivors (12288K)
 Metaspace       used 95082K, capacity 97963K, committed 98032K, reserved 339968K
  class space    used 11923K, capacity 12923K, committed 12984K, reserved 253952K
}
Event: 72.940 GC heap after
{Heap after GC invocations=27 (full 0):
 garbage-first heap   total 262144K, used 122477K [0x00000000e0000000, 0x0000000100000000)
  region size 1024K, 4 young (4096K), 4 survivors (4096K)
 Metaspace       used 95082K, capacity 97963K, committed 98032K, reserved 339968K
  class space    used 11923K, capacity 12923K, committed 12984K, reserved 253952K
}
Event: 74.092 GC heap before
{Heap before GC invocations=27 (full 0):
 garbage-first heap   total 262144K, used 209517K [0x00000000e0000000, 0x0000000100000000)
  region size 1024K, 90 young (92160K), 4 survivors (4096K)
 Metaspace       used 95484K, capacity 98430K, committed 98544K, reserved 339968K
  class space    used 11948K, capacity 12963K, committed 12984K, reserved 253952K
}
Event: 74.121 GC heap after
{Heap after GC invocations=28 (full 0):
 garbage-first heap   total 262144K, used 127112K [0x00000000e0000000, 0x0000000100000000)
  region size 1024K, 9 young (9216K), 9 survivors (9216K)
 Metaspace       used 95484K, capacity 98430K, committed 98544K, reserved 339968K
  class space    used 11948K, capacity 12963K, committed 12984K, reserved 253952K
}
Event: 75.795 GC heap before
{Heap before GC invocations=29 (full 0):
 garbage-first heap   total 262144K, used 201864K [0x00000000e0000000, 0x0000000100000000)
  region size 1024K, 92 young (94208K), 9 survivors (9216K)
 Metaspace       used 95372K, capacity 98091K, committed 98544K, reserved 339968K
  class space    used 11863K, capacity 12814K, committed 12984K, reserved 253952K
}
Event: 75.812 GC heap after
{Heap after GC invocations=30 (full 0):
 garbage-first heap   total 262144K, used 119268K [0x00000000e0000000, 0x0000000100000000)
  region size 1024K, 4 young (4096K), 4 survivors (4096K)
 Metaspace       used 95372K, capacity 98091K, committed 98544K, reserved 339968K
  class space    used 11863K, capacity 12814K, committed 12984K, reserved 253952K
}
Event: 76.442 GC heap before
{Heap before GC invocations=30 (full 0):
 garbage-first heap   total 262144K, used 169444K [0x00000000e0000000, 0x0000000100000000)
  region size 1024K, 55 young (56320K), 4 survivors (4096K)
 Metaspace       used 95541K, capacity 98284K, committed 98800K, reserved 339968K
  class space    used 11876K, capacity 12824K, committed 12984K, reserved 253952K
}
Event: 76.447 GC heap after
{Heap after GC invocations=31 (full 0):
 garbage-first heap   total 262144K, used 115138K [0x00000000e0000000, 0x0000000100000000)
  region size 1024K, 2 young (2048K), 2 survivors (2048K)
 Metaspace       used 95541K, capacity 98284K, committed 98800K, reserved 339968K
  class space    used 11876K, capacity 12824K, committed 12984K, reserved 253952K
}
Event: 79.022 GC heap before
{Heap before GC invocations=32 (full 0):
 garbage-first heap   total 266240K, used 223682K [0x00000000e0000000, 0x0000000100000000)
  region size 1024K, 95 young (97280K), 2 survivors (2048K)
 Metaspace       used 96250K, capacity 99016K, committed 99440K, reserved 342016K
  class space    used 11939K, capacity 12916K, committed 13112K, reserved 253952K
}
Event: 79.186 GC heap after
{Heap after GC invocations=33 (full 0):
 garbage-first heap   total 270336K, used 162060K [0x00000000e0000000, 0x0000000100000000)
  region size 1024K, 13 young (13312K), 13 survivors (13312K)
 Metaspace       used 96250K, capacity 99016K, committed 99440K, reserved 342016K
  class space    used 11939K, capacity 12916K, committed 13112K, reserved 253952K
}
Event: 79.297 GC heap before
{Heap before GC invocations=33 (full 0):
 garbage-first heap   total 270336K, used 165132K [0x00000000e0000000, 0x0000000100000000)
  region size 1024K, 14 young (14336K), 13 survivors (13312K)
 Metaspace       used 96250K, capacity 99016K, committed 99440K, reserved 342016K
  class space    used 11939K, capacity 12916K, committed 13112K, reserved 253952K
}
Event: 79.440 GC heap after
{Heap after GC invocations=34 (full 0):
 garbage-first heap   total 270336K, used 164096K [0x00000000e0000000, 0x0000000100000000)
  region size 1024K, 1 young (1024K), 1 survivors (1024K)
 Metaspace       used 96250K, capacity 99016K, committed 99440K, reserved 342016K
  class space    used 11939K, capacity 12916K, committed 13112K, reserved 253952K
}
Event: 80.331 GC heap before
{Heap before GC invocations=35 (full 0):
 garbage-first heap   total 290816K, used 183552K [0x00000000e0000000, 0x0000000100000000)
  region size 1024K, 15 young (15360K), 1 survivors (1024K)
 Metaspace       used 96254K, capacity 99016K, committed 99440K, reserved 342016K
  class space    used 11939K, capacity 12916K, committed 13112K, reserved 253952K
}
Event: 80.342 GC heap after
{Heap after GC invocations=36 (full 0):
 garbage-first heap   total 290816K, used 175872K [0x00000000e0000000, 0x0000000100000000)
  region size 1024K, 6 young (6144K), 6 survivors (6144K)
 Metaspace       used 96254K, capacity 99016K, committed 99440K, reserved 342016K
  class space    used 11939K, capacity 12916K, committed 13112K, reserved 253952K
}

